2023-06-14 16:39:27.060 INFO  com.jiawa.wiki.WikiApplication                    :55   [32m                  [0;39m Starting WikiApplication using Java 1.8.0_301 on DESKTOP-SIRIAEB with PID 37692 (E:\wiki\target\classes started by wang7 in E:\wiki)
2023-06-14 16:39:27.062 INFO  com.jiawa.wiki.WikiApplication                    :660  [32m                  [0;39m No active profile set, falling back to default profiles: default
2023-06-14 16:39:27.559 INFO  o.s.boot.web.embedded.tomcat.TomcatWebServer      :108  [32m                  [0;39m Tomcat initialized with port(s): 8080 (http)
2023-06-14 16:39:27.564 INFO  org.apache.coyote.http11.Http11NioProtocol        :173  [32m                  [0;39m Initializing ProtocolHandler ["http-nio-8080"]
2023-06-14 16:39:27.565 INFO  org.apache.catalina.core.StandardService          :173  [32m                  [0;39m Starting service [Tomcat]
2023-06-14 16:39:27.566 INFO  org.apache.catalina.core.StandardEngine           :173  [32m                  [0;39m Starting Servlet engine: [Apache Tomcat/9.0.39]
2023-06-14 16:39:27.608 INFO  o.a.c.core.ContainerBase.[Tomcat].[localhost].[/] :173  [32m                  [0;39m Initializing Spring embedded WebApplicationContext
2023-06-14 16:39:27.608 INFO  o.s.b.w.s.c.ServletWebServerApplicationContext    :289  [32m                  [0;39m Root WebApplicationContext: initialization completed in 519 ms
2023-06-14 16:39:27.711 INFO  o.s.scheduling.concurrent.ThreadPoolTaskExecutor  :181  [32m                  [0;39m Initializing ExecutorService 'applicationTaskExecutor'
2023-06-14 16:39:27.800 INFO  org.apache.coyote.http11.Http11NioProtocol        :173  [32m                  [0;39m Starting ProtocolHandler ["http-nio-8080"]
2023-06-14 16:39:27.812 INFO  o.s.boot.web.embedded.tomcat.TomcatWebServer      :220  [32m                  [0;39m Tomcat started on port(s): 8080 (http) with context path ''
2023-06-14 16:39:27.820 INFO  com.jiawa.wiki.WikiApplication                    :61   [32m                  [0;39m Started WikiApplication in 1.03 seconds (JVM running for 1.491)
2023-06-14 16:44:36.219 INFO  com.jiawa.wiki.WikiApplication                    :55   [32m                  [0;39m Starting WikiApplication using Java 1.8.0_301 on DESKTOP-SIRIAEB with PID 36748 (E:\wiki\target\classes started by wang7 in E:\wiki)
2023-06-14 16:44:36.222 INFO  com.jiawa.wiki.WikiApplication                    :660  [32m                  [0;39m No active profile set, falling back to default profiles: default
2023-06-14 16:44:36.711 INFO  o.s.boot.web.embedded.tomcat.TomcatWebServer      :108  [32m                  [0;39m Tomcat initialized with port(s): 8080 (http)
2023-06-14 16:44:36.716 INFO  org.apache.coyote.http11.Http11NioProtocol        :173  [32m                  [0;39m Initializing ProtocolHandler ["http-nio-8080"]
2023-06-14 16:44:36.717 INFO  org.apache.catalina.core.StandardService          :173  [32m                  [0;39m Starting service [Tomcat]
2023-06-14 16:44:36.717 INFO  org.apache.catalina.core.StandardEngine           :173  [32m                  [0;39m Starting Servlet engine: [Apache Tomcat/9.0.39]
2023-06-14 16:44:36.761 INFO  o.a.c.core.ContainerBase.[Tomcat].[localhost].[/] :173  [32m                  [0;39m Initializing Spring embedded WebApplicationContext
2023-06-14 16:44:36.762 INFO  o.s.b.w.s.c.ServletWebServerApplicationContext    :289  [32m                  [0;39m Root WebApplicationContext: initialization completed in 512 ms
2023-06-14 16:44:36.865 INFO  o.s.scheduling.concurrent.ThreadPoolTaskExecutor  :181  [32m                  [0;39m Initializing ExecutorService 'applicationTaskExecutor'
2023-06-14 16:44:36.952 INFO  org.apache.coyote.http11.Http11NioProtocol        :173  [32m                  [0;39m Starting ProtocolHandler ["http-nio-8080"]
2023-06-14 16:44:36.964 INFO  o.s.boot.web.embedded.tomcat.TomcatWebServer      :220  [32m                  [0;39m Tomcat started on port(s): 8080 (http) with context path ''
2023-06-14 16:44:36.971 INFO  com.jiawa.wiki.WikiApplication                    :61   [32m                  [0;39m Started WikiApplication in 1.022 seconds (JVM running for 1.478)
2023-06-14 19:07:50.176 INFO  com.jiawa.wiki.WikiApplication                    :55   [32m                  [0;39m Starting WikiApplication using Java 1.8.0_301 on DESKTOP-SIRIAEB with PID 32564 (E:\wiki\target\classes started by wang7 in E:\wiki)
2023-06-14 19:07:50.179 INFO  com.jiawa.wiki.WikiApplication                    :660  [32m                  [0;39m No active profile set, falling back to default profiles: default
2023-06-14 19:07:50.672 INFO  o.s.boot.web.embedded.tomcat.TomcatWebServer      :108  [32m                  [0;39m Tomcat initialized with port(s): 8080 (http)
2023-06-14 19:07:50.677 INFO  org.apache.coyote.http11.Http11NioProtocol        :173  [32m                  [0;39m Initializing ProtocolHandler ["http-nio-8080"]
2023-06-14 19:07:50.678 INFO  org.apache.catalina.core.StandardService          :173  [32m                  [0;39m Starting service [Tomcat]
2023-06-14 19:07:50.678 INFO  org.apache.catalina.core.StandardEngine           :173  [32m                  [0;39m Starting Servlet engine: [Apache Tomcat/9.0.39]
2023-06-14 19:07:50.721 INFO  o.a.c.core.ContainerBase.[Tomcat].[localhost].[/] :173  [32m                  [0;39m Initializing Spring embedded WebApplicationContext
2023-06-14 19:07:50.721 INFO  o.s.b.w.s.c.ServletWebServerApplicationContext    :289  [32m                  [0;39m Root WebApplicationContext: initialization completed in 513 ms
2023-06-14 19:07:50.824 INFO  o.s.scheduling.concurrent.ThreadPoolTaskExecutor  :181  [32m                  [0;39m Initializing ExecutorService 'applicationTaskExecutor'
2023-06-14 19:07:50.913 INFO  org.apache.coyote.http11.Http11NioProtocol        :173  [32m                  [0;39m Starting ProtocolHandler ["http-nio-8080"]
2023-06-14 19:07:50.925 INFO  o.s.boot.web.embedded.tomcat.TomcatWebServer      :220  [32m                  [0;39m Tomcat started on port(s): 8080 (http) with context path ''
2023-06-14 19:07:50.932 INFO  com.jiawa.wiki.WikiApplication                    :61   [32m                  [0;39m Started WikiApplication in 1.043 seconds (JVM running for 1.506)
2023-06-14 19:07:50.934 INFO  com.jiawa.wiki.WikiApplication                    :21   [32m                  [0;39m 启动成功！！
2023-06-14 19:07:50.934 INFO  com.jiawa.wiki.WikiApplication                    :22   [32m                  [0;39m 地址: 	http://127.0.0.1:8080
2023-06-14 19:21:52.238 INFO  com.jiawa.wiki.WikiApplication                    :55   [32m                  [0;39m Starting WikiApplication using Java 1.8.0_301 on DESKTOP-SIRIAEB with PID 19180 (E:\wiki\target\classes started by wang7 in E:\wiki)
2023-06-14 19:21:52.241 INFO  com.jiawa.wiki.WikiApplication                    :660  [32m                  [0;39m No active profile set, falling back to default profiles: default
2023-06-14 19:21:52.775 INFO  o.s.boot.web.embedded.tomcat.TomcatWebServer      :108  [32m                  [0;39m Tomcat initialized with port(s): 8080 (http)
2023-06-14 19:21:52.781 INFO  org.apache.coyote.http11.Http11NioProtocol        :173  [32m                  [0;39m Initializing ProtocolHandler ["http-nio-8080"]
2023-06-14 19:21:52.781 INFO  org.apache.catalina.core.StandardService          :173  [32m                  [0;39m Starting service [Tomcat]
2023-06-14 19:21:52.782 INFO  org.apache.catalina.core.StandardEngine           :173  [32m                  [0;39m Starting Servlet engine: [Apache Tomcat/9.0.39]
2023-06-14 19:21:52.825 INFO  o.a.c.core.ContainerBase.[Tomcat].[localhost].[/] :173  [32m                  [0;39m Initializing Spring embedded WebApplicationContext
2023-06-14 19:21:52.825 INFO  o.s.b.w.s.c.ServletWebServerApplicationContext    :289  [32m                  [0;39m Root WebApplicationContext: initialization completed in 556 ms
2023-06-14 19:21:52.930 INFO  o.s.scheduling.concurrent.ThreadPoolTaskExecutor  :181  [32m                  [0;39m Initializing ExecutorService 'applicationTaskExecutor'
2023-06-14 19:21:53.027 INFO  org.apache.coyote.http11.Http11NioProtocol        :173  [32m                  [0;39m Starting ProtocolHandler ["http-nio-8080"]
2023-06-14 19:21:53.039 INFO  o.s.boot.web.embedded.tomcat.TomcatWebServer      :220  [32m                  [0;39m Tomcat started on port(s): 8080 (http) with context path ''
2023-06-14 19:21:53.047 INFO  com.jiawa.wiki.WikiApplication                    :61   [32m                  [0;39m Started WikiApplication in 1.107 seconds (JVM running for 1.582)
2023-06-14 19:21:53.049 INFO  com.jiawa.wiki.WikiApplication                    :17   [32m                  [0;39m 启动成功！！
2023-06-14 19:21:53.049 INFO  com.jiawa.wiki.WikiApplication                    :18   [32m                  [0;39m 地址: 	http://127.0.0.1:8080
2023-06-14 19:21:57.545 INFO  o.a.c.core.ContainerBase.[Tomcat].[localhost].[/] :173  [32m                  [0;39m Initializing Spring DispatcherServlet 'dispatcherServlet'
2023-06-14 19:21:57.545 INFO  org.springframework.web.servlet.DispatcherServlet :525  [32m                  [0;39m Initializing Servlet 'dispatcherServlet'
2023-06-14 19:21:57.546 INFO  org.springframework.web.servlet.DispatcherServlet :547  [32m                  [0;39m Completed initialization in 1 ms
